<?xml version="1.0" encoding="UTF-8"?>
<testng-results ignored="0" total="2" passed="2" failed="0" skipped="0">
  <reporter-output>
  </reporter-output>
  <suite started-at="2024-08-10T12:11:15 IST" name="Default suite" finished-at="2024-08-10T12:11:28 IST" duration-ms="12618">
    <groups>
    </groups>
    <test started-at="2024-08-10T12:11:15 IST" name="Default test" finished-at="2024-08-10T12:11:28 IST" duration-ms="12618">
      <class name="TestCases.FinalTest">
        <test-method is-config="true" signature="setup()[pri:0, instance:TestCases.FinalTest@6e9a5ed8]" started-at="2024-08-10T12:11:15 IST" name="setup" finished-at="2024-08-10T12:11:22 IST" duration-ms="6895" status="PASS">
          <reporter-output>
          </reporter-output>
        </test-method> <!-- setup -->
        <test-method signature="logintest()[pri:0, instance:TestCases.FinalTest@6e9a5ed8]" started-at="2024-08-10T12:11:22 IST" name="logintest" finished-at="2024-08-10T12:11:24 IST" duration-ms="1623" status="PASS">
          <reporter-output>
          </reporter-output>
        </test-method> <!-- logintest -->
        <test-method signature="registertest()[pri:0, instance:TestCases.FinalTest@6e9a5ed8]" started-at="2024-08-10T12:11:24 IST" name="registertest" finished-at="2024-08-10T12:11:28 IST" duration-ms="4031" status="PASS">
          <reporter-output>
          </reporter-output>
        </test-method> <!-- registertest -->
        <test-method is-config="true" signature="teardown()[pri:0, instance:TestCases.FinalTest@6e9a5ed8]" started-at="2024-08-10T12:11:28 IST" name="teardown" finished-at="2024-08-10T12:11:28 IST" duration-ms="1" status="PASS">
          <reporter-output>
          </reporter-output>
        </test-method> <!-- teardown -->
      </class> <!-- TestCases.FinalTest -->
    </test> <!-- Default test -->
  </suite> <!-- Default suite -->
</testng-results>
